designBoundary 14 0 210 200
width 2
spacing 1
driver 16
1 20 180 28 200
2 28 180 36 200
3 36 180 44 200
4 44 180 52 200
5 52 180 60 200
6 60 180 68 200
7 68 180 76 200
8 76 180 84 200
9 84 180 92 200
10 92 180 100 200
11 100 180 108 200
12 108 180 116 200
13 116 180 124 200
14 124 180 132 200
15 132 180 140 200
16 140 180 148 200
bump 16
0 42 148 52 158
0 74 148 84 158
0 106 148 116 158
0 144 148 154 158
0 42 116 52 126
0 74 116 84 126
0 106 116 116 126
0 144 116 154 126
0 42 84 52 94
0 74 84 84 94
0 106 84 116 94
0 144 84 154 94
0 42 52 52 62
0 74 52 84 62
0 106 52 116 62
0 144 52 154 62
net 16
netid 1
wire 23 161 25 200
wire 24 160 47 162
wire 46 158 48 161
netid 2
wire 31 164 33 200
wire 32 163 79 165
wire 78 158 80 164
netid 3
wire 39 167 41 200
wire 40 166 111 168
wire 110 158 112 167
netid 4
wire 47 170 49 200
wire 47 170 49 0
wire 0 -1 48 1
netid 5
wire 55 173 57 200
wire 55 173 57 0
wire 0 -1 56 1
netid 6
wire 63 176 65 200
wire 64 175 125 177
wire 124 176 126 132
wire 125 131 79 133
wire 78 126 80 132
netid 7
wire 71 179 73 200
wire 72 178 128 180
wire 127 179 129 121
wire 128 120 116 122
netid 8
wire 79 182 81 200
wire 80 181 157 183
wire 156 182 158 121
wire 157 120 154 122
netid 9
wire 87 185 89 200
wire 88 184 160 186
wire 159 185 161 0
wire 160 -1 0 1
netid 10
wire 95 188 97 200
wire 96 187 163 189
wire 162 188 164 103
wire 163 102 135 104
wire 134 103 136 81
wire 135 80 79 82
wire 78 81 80 84
netid 11
wire 103 191 105 200
wire 104 190 166 192
wire 165 191 167 100
wire 166 99 138 101
wire 137 100 139 78
wire 138 77 71 79
wire 70 78 72 97
wire 71 96 111 98
wire 110 94 112 97
netid 12
wire 111 194 113 200
wire 112 193 169 195
wire 168 194 170 89
wire 169 88 154 90
netid 13
wire 119 197 121 200
wire 120 196 172 198
wire 171 197 173 0
wire 172 -1 0 1
netid 14
wire 127 200 129 200
wire 128 199 175 201
wire 174 49 176 200
wire 175 48 79 50
wire 78 49 80 52
netid 15
wire 135 203 137 200
wire 136 202 178 204
wire 177 46 179 203
wire 178 45 71 47
wire 70 46 72 65
wire 71 64 111 66
wire 110 62 112 65
netid 16
wire 143 206 145 200
wire 144 205 181 207
wire 180 43 182 206
wire 181 42 68 44
wire 67 43 69 68
wire 68 67 149 69
wire 148 62 150 68
